{"level":"info","message":"Server is running on port 3001","timestamp":"2025-03-10T12:42:50.468Z"}
{"level":"info","message":"Server is running on port 3001","timestamp":"2025-03-10T12:56:51.037Z"}
{"level":"error","message":"Error fetching dog breeds","method":"GET","path":"/api/v1/dropdowns/dogbreeds","stack":"Error: Error fetching dog breeds\n    at C:\\Users\\bradley_lansink\\Documents\\CursorProjects\\4Loki_API_V2\\src\\routes\\dropdownRoutes.ts:43:10\n    at processTicksAndRejections (node:internal/process/task_queues:95:5)","statusCode":500,"timestamp":"2025-03-10T13:02:14.956Z"}
{"level":"error","message":"Error fetching dog breeds","method":"GET","path":"/api/v1/dropdowns/dogbreeds","stack":"Error: Error fetching dog breeds\n    at C:\\Users\\bradley_lansink\\Documents\\CursorProjects\\4Loki_API_V2\\src\\routes\\dropdownRoutes.ts:43:10\n    at processTicksAndRejections (node:internal/process/task_queues:95:5)","statusCode":500,"timestamp":"2025-03-10T13:07:51.282Z"}
{"level":"error","message":"Error fetching dog breeds","method":"GET","path":"/api/v1/dropdowns/dogbreeds","stack":"Error: Error fetching dog breeds\n    at C:\\Users\\bradley_lansink\\Documents\\CursorProjects\\4Loki_API_V2\\src\\routes\\dropdownRoutes.ts:44:10\n    at processTicksAndRejections (node:internal/process/task_queues:95:5)","statusCode":500,"timestamp":"2025-03-10T13:11:13.564Z"}
{"level":"warn","message":"Route not found: POST /api/v1/dogbreeds","timestamp":"2025-03-10T13:58:25.902Z"}
{"level":"error","message":"Validation failed","method":"POST","path":"/api/v1/customers","stack":"Error: Validation failed\n    at C:\\Users\\bradley_lansink\\Documents\\CursorProjects\\4Loki_API_V2\\src\\middleware\\validate.ts:16:14\n    at processTicksAndRejections (node:internal/process/task_queues:95:5)","statusCode":400,"timestamp":"2025-03-10T13:58:25.922Z"}
{"level":"error","message":"Validation failed","method":"POST","path":"/api/v1/dog-breeds","stack":"Error: Validation failed\n    at C:\\Users\\bradley_lansink\\Documents\\CursorProjects\\4Loki_API_V2\\src\\middleware\\validate.ts:16:14\n    at processTicksAndRejections (node:internal/process/task_queues:95:5)","statusCode":400,"timestamp":"2025-03-10T14:04:35.913Z"}
{"level":"error","message":"Validation failed","method":"POST","path":"/api/v1/customers","stack":"Error: Validation failed\n    at C:\\Users\\bradley_lansink\\Documents\\CursorProjects\\4Loki_API_V2\\src\\middleware\\validate.ts:16:14\n    at processTicksAndRejections (node:internal/process/task_queues:95:5)","statusCode":400,"timestamp":"2025-03-10T14:04:35.933Z"}
{"level":"error","message":"Validation failed","method":"POST","path":"/api/v1/dog-breeds","stack":"Error: Validation failed\n    at C:\\Users\\bradley_lansink\\Documents\\CursorProjects\\4Loki_API_V2\\src\\middleware\\validate.ts:16:14\n    at processTicksAndRejections (node:internal/process/task_queues:95:5)","statusCode":400,"timestamp":"2025-03-10T14:06:26.153Z"}
{"level":"error","message":"Validation failed","method":"POST","path":"/api/v1/customers","stack":"Error: Validation failed\n    at C:\\Users\\bradley_lansink\\Documents\\CursorProjects\\4Loki_API_V2\\src\\middleware\\validate.ts:16:14\n    at processTicksAndRejections (node:internal/process/task_queues:95:5)","statusCode":400,"timestamp":"2025-03-10T14:06:26.173Z"}
{"level":"error","message":"Validation failed","method":"POST","path":"/api/v1/dog-breeds","stack":"Error: Validation failed\n    at C:\\Users\\bradley_lansink\\Documents\\CursorProjects\\4Loki_API_V2\\src\\middleware\\validate.ts:16:14\n    at processTicksAndRejections (node:internal/process/task_queues:95:5)","statusCode":400,"timestamp":"2025-03-10T14:13:19.033Z"}
{"level":"error","message":"Validation failed","method":"POST","path":"/api/v1/dog-breeds","stack":"Error: Validation failed\n    at C:\\Users\\bradley_lansink\\Documents\\CursorProjects\\4Loki_API_V2\\src\\middleware\\validate.ts:16:14\n    at processTicksAndRejections (node:internal/process/task_queues:95:5)","statusCode":400,"timestamp":"2025-03-10T14:17:28.021Z"}
{"level":"error","message":"Validation failed","method":"POST","path":"/api/v1/dogs","stack":"Error: Validation failed\n    at C:\\Users\\bradley_lansink\\Documents\\CursorProjects\\4Loki_API_V2\\src\\middleware\\validate.ts:16:14\n    at processTicksAndRejections (node:internal/process/task_queues:95:5)","statusCode":400,"timestamp":"2025-03-11T07:23:52.394Z"}
{"level":"error","message":"Validation failed","method":"POST","path":"/api/v1/dogs","stack":"Error: Validation failed\n    at C:\\Users\\bradley_lansink\\Documents\\CursorProjects\\4Loki_API_V2\\src\\middleware\\validate.ts:16:14\n    at processTicksAndRejections (node:internal/process/task_queues:95:5)","statusCode":400,"timestamp":"2025-03-11T07:28:02.750Z"}
{"level":"error","message":"Validation failed","method":"POST","path":"/api/v1/dogs","stack":"Error: Validation failed\n    at C:\\Users\\bradley_lansink\\Documents\\CursorProjects\\4Loki_API_V2\\src\\middleware\\validate.ts:16:14\n    at processTicksAndRejections (node:internal/process/task_queues:95:5)","statusCode":400,"timestamp":"2025-03-11T07:30:30.779Z"}
{"level":"error","message":"Validation failed","method":"POST","path":"/api/v1/dogs","stack":"Error: Validation failed\n    at C:\\Users\\bradley_lansink\\Documents\\CursorProjects\\4Loki_API_V2\\src\\middleware\\validate.ts:16:14\n    at processTicksAndRejections (node:internal/process/task_queues:95:5)","statusCode":400,"timestamp":"2025-03-11T07:39:56.285Z"}
{"level":"warn","message":"Route not found: POST /dogs","timestamp":"2025-03-11T07:50:57.361Z"}
{"level":"warn","message":"Route not found: POST /dogs","timestamp":"2025-03-11T07:55:44.738Z"}
{"level":"error","message":"Validation failed","method":"POST","path":"/api/v1/dogs","stack":"Error: Validation failed\n    at C:\\Users\\bradley_lansink\\Documents\\CursorProjects\\4Loki_API_V2\\src\\middleware\\validate.ts:16:14\n    at processTicksAndRejections (node:internal/process/task_queues:95:5)","statusCode":400,"timestamp":"2025-03-11T08:13:06.349Z"}
{"level":"error","message":"Validation failed","method":"POST","path":"/api/v1/dogs","stack":"Error: Validation failed\n    at C:\\Users\\bradley_lansink\\Documents\\CursorProjects\\4Loki_API_V2\\src\\middleware\\validate.ts:16:14\n    at processTicksAndRejections (node:internal/process/task_queues:95:5)","statusCode":400,"timestamp":"2025-03-11T08:16:04.811Z"}
{"level":"error","message":"Validation failed","method":"POST","path":"/api/v1/dogs","stack":"Error: Validation failed\n    at C:\\Users\\bradley_lansink\\Documents\\CursorProjects\\4Loki_API_V2\\src\\middleware\\validate.ts:16:14\n    at processTicksAndRejections (node:internal/process/task_queues:95:5)","statusCode":400,"timestamp":"2025-03-11T08:18:05.069Z"}
{"level":"error","message":"Validation failed","method":"POST","path":"/api/v1/dogs","stack":"Error: Validation failed\n    at C:\\Users\\bradley_lansink\\Documents\\CursorProjects\\4Loki_API_V2\\src\\middleware\\validate.ts:16:14\n    at processTicksAndRejections (node:internal/process/task_queues:95:5)","statusCode":400,"timestamp":"2025-03-11T08:20:07.162Z"}
{"level":"error","message":"Validation failed: [{\"field\":\"Birthday\",\"message\":\"Birthday must be in YYYY-MM-DD format\"}]","method":"POST","path":"/api/v1/dogs","stack":"Error: Validation failed: [{\"field\":\"Birthday\",\"message\":\"Birthday must be in YYYY-MM-DD format\"}]\n    at C:\\Users\\bradley_lansink\\Documents\\CursorProjects\\4Loki_API_V2\\src\\middleware\\validate.ts:18:14\n    at processTicksAndRejections (node:internal/process/task_queues:95:5)","statusCode":400,"timestamp":"2025-03-11T08:24:33.990Z"}
{"level":"warn","message":"Route not found: DELETE /api/v1/static/dog-sizes","timestamp":"2025-03-11T08:26:41.490Z"}
{"level":"error","message":"Validation failed: [{\"field\":\"Birthday\",\"message\":\"Birthday must be in YYYY-MM-DD format\"}]","method":"POST","path":"/api/v1/dogs","stack":"Error: Validation failed: [{\"field\":\"Birthday\",\"message\":\"Birthday must be in YYYY-MM-DD format\"}]\n    at C:\\Users\\bradley_lansink\\Documents\\CursorProjects\\4Loki_API_V2\\src\\middleware\\validate.ts:18:14\n    at processTicksAndRejections (node:internal/process/task_queues:95:5)","statusCode":400,"timestamp":"2025-03-11T08:26:42.481Z"}
{"level":"warn","message":"Route not found: DELETE /api/v1/static/dog-sizes","timestamp":"2025-03-11T08:28:40.141Z"}
{"level":"error","message":"Validation failed: [{\"field\":\"Birthday\",\"message\":\"Birthday must be in YYYY-MM-DD format\"}]","method":"POST","path":"/api/v1/dogs","stack":"Error: Validation failed: [{\"field\":\"Birthday\",\"message\":\"Birthday must be in YYYY-MM-DD format\"}]\n    at C:\\Users\\bradley_lansink\\Documents\\CursorProjects\\4Loki_API_V2\\src\\middleware\\validate.ts:18:14\n    at processTicksAndRejections (node:internal/process/task_queues:95:5)","statusCode":400,"timestamp":"2025-03-11T08:28:41.217Z"}
{"level":"warn","message":"Route not found: DELETE /api/v1/static/dog-sizes","timestamp":"2025-03-11T08:30:45.710Z"}
{"level":"error","message":"Validation failed: [{\"field\":\"Birthday\",\"message\":\"Birthday must be in YYYY-MM-DD format\"}]","method":"POST","path":"/api/v1/dogs","stack":"Error: Validation failed: [{\"field\":\"Birthday\",\"message\":\"Birthday must be in YYYY-MM-DD format\"}]\n    at C:\\Users\\bradley_lansink\\Documents\\CursorProjects\\4Loki_API_V2\\src\\middleware\\validate.ts:23:14\n    at processTicksAndRejections (node:internal/process/task_queues:95:5)","statusCode":400,"timestamp":"2025-03-11T08:30:46.777Z"}
{"level":"warn","message":"Route not found: DELETE /api/v1/static/dog-sizes","timestamp":"2025-03-11T08:34:37.843Z"}
{"level":"error","message":"Validation failed: [{\"field\":\"Birthday\",\"message\":\"Birthday must be in YYYY-MM-DD format\"}]","method":"POST","path":"/api/v1/dogs","stack":"Error: Validation failed: [{\"field\":\"Birthday\",\"message\":\"Birthday must be in YYYY-MM-DD format\"}]\n    at C:\\Users\\bradley_lansink\\Documents\\CursorProjects\\4Loki_API_V2\\src\\middleware\\validate.ts:23:14\n    at processTicksAndRejections (node:internal/process/task_queues:95:5)","statusCode":400,"timestamp":"2025-03-11T08:34:38.699Z"}
{"level":"warn","message":"Route not found: DELETE /api/v1/static/dog-sizes","timestamp":"2025-03-11T08:36:16.046Z"}
{"level":"error","message":"Validation failed: [{\"field\":\"Birthday\",\"message\":\"Birthday must be in YYYY-MM-DD format\"}]","method":"POST","path":"/api/v1/dogs","stack":"Error: Validation failed: [{\"field\":\"Birthday\",\"message\":\"Birthday must be in YYYY-MM-DD format\"}]\n    at C:\\Users\\bradley_lansink\\Documents\\CursorProjects\\4Loki_API_V2\\src\\middleware\\validate.ts:23:14\n    at processTicksAndRejections (node:internal/process/task_queues:95:5)","statusCode":400,"timestamp":"2025-03-11T08:36:16.974Z"}
{"level":"warn","message":"Route not found: DELETE /api/v1/static/dog-sizes","timestamp":"2025-03-11T08:37:53.680Z"}
{"level":"error","message":"Validation failed: [{\"field\":\"Birthday\",\"message\":\"Birthday must be in YYYY-MM-DD format\"}]","method":"POST","path":"/api/v1/dogs","stack":"Error: Validation failed: [{\"field\":\"Birthday\",\"message\":\"Birthday must be in YYYY-MM-DD format\"}]\n    at C:\\Users\\bradley_lansink\\Documents\\CursorProjects\\4Loki_API_V2\\src\\middleware\\validate.ts:23:14\n    at processTicksAndRejections (node:internal/process/task_queues:95:5)","statusCode":400,"timestamp":"2025-03-11T08:37:54.664Z"}
{"level":"warn","message":"Route not found: DELETE /api/v1/static/dog-sizes","timestamp":"2025-03-11T08:39:46.295Z"}
{"level":"warn","message":"Route not found: DELETE /api/v1/static/dog-sizes","timestamp":"2025-03-11T08:41:31.750Z"}
{"level":"warn","message":"Route not found: DELETE /api/v1/static/dog-sizes","timestamp":"2025-03-11T08:46:15.073Z"}
{"level":"warn","message":"Route not found: DELETE /api/v1/static/dog-sizes","timestamp":"2025-03-11T08:49:19.429Z"}
{"level":"warn","message":"Route not found: DELETE /api/v1/static/dog-sizes","timestamp":"2025-03-11T09:00:01.499Z"}
{"level":"warn","message":"Route not found: DELETE /api/v1/static/dog-sizes","timestamp":"2025-03-11T09:04:09.090Z"}
{"level":"warn","message":"Route not found: DELETE /api/v1/static/dog-sizes","timestamp":"2025-03-11T09:10:15.940Z"}
{"level":"warn","message":"Route not found: DELETE /api/v1/static/dog-sizes","timestamp":"2025-03-11T09:14:56.147Z"}
{"level":"warn","message":"Route not found: DELETE /api/v1/static/dog-sizes","timestamp":"2025-03-11T09:18:50.102Z"}
{"level":"warn","message":"Route not found: DELETE /api/v1/static/dog-sizes","timestamp":"2025-03-11T09:20:07.367Z"}
{"level":"warn","message":"Route not found: DELETE /api/v1/static/dog-sizes","timestamp":"2025-03-11T09:24:12.531Z"}
{"level":"warn","message":"Route not found: DELETE /api/v1/static/dog-sizes","timestamp":"2025-03-11T09:26:49.194Z"}
{"level":"warn","message":"Route not found: DELETE /api/v1/static/dog-sizes","timestamp":"2025-03-11T09:28:53.119Z"}
{"level":"warn","message":"Route not found: DELETE /api/v1/static/dog-sizes","timestamp":"2025-03-11T09:29:46.978Z"}
{"level":"warn","message":"Route not found: DELETE /api/v1/static/dog-sizes","timestamp":"2025-03-11T09:30:27.675Z"}
{"level":"warn","message":"Route not found: DELETE /api/v1/static/dog-sizes","timestamp":"2025-03-12T10:46:27.665Z"}
{"level":"error","message":"Validation failed: [{\"field\":\"StandardPrice\",\"message\":\"Required\"},{\"field\":\"IsPrice0Allowed\",\"message\":\"Required\"},{\"field\":\"StandardDuration\",\"message\":\"Required\"}]","method":"POST","path":"/api/v1/services","stack":"Error: Validation failed: [{\"field\":\"StandardPrice\",\"message\":\"Required\"},{\"field\":\"IsPrice0Allowed\",\"message\":\"Required\"},{\"field\":\"StandardDuration\",\"message\":\"Required\"}]\n    at C:\\Users\\Bradl\\Documents\\CursorProjects\\4Loki_API_V2\\src\\middleware\\validate.ts:23:14\n    at processTicksAndRejections (node:internal/process/task_queues:95:5)","statusCode":400,"timestamp":"2025-03-12T10:46:29.007Z"}
{"level":"warn","message":"Route not found: POST /api/v1/dog-pictures","timestamp":"2025-03-12T10:46:32.083Z"}
{"level":"warn","message":"Route not found: GET /api/v1/dog-pictures","timestamp":"2025-03-12T10:46:32.097Z"}
{"level":"warn","message":"Route not found: DELETE /api/v1/static/dog-sizes","timestamp":"2025-03-12T10:48:03.949Z"}
{"level":"error","message":"Validation failed: [{\"field\":\"StandardPrice\",\"message\":\"Required\"},{\"field\":\"IsPrice0Allowed\",\"message\":\"Required\"},{\"field\":\"StandardDuration\",\"message\":\"Required\"}]","method":"POST","path":"/api/v1/services","stack":"Error: Validation failed: [{\"field\":\"StandardPrice\",\"message\":\"Required\"},{\"field\":\"IsPrice0Allowed\",\"message\":\"Required\"},{\"field\":\"StandardDuration\",\"message\":\"Required\"}]\n    at C:\\Users\\Bradl\\Documents\\CursorProjects\\4Loki_API_V2\\src\\middleware\\validate.ts:23:14\n    at processTicksAndRejections (node:internal/process/task_queues:95:5)","statusCode":400,"timestamp":"2025-03-12T10:48:05.204Z"}
{"level":"warn","message":"Route not found: POST /api/v1/dog-pictures","timestamp":"2025-03-12T10:48:08.274Z"}
{"level":"warn","message":"Route not found: GET /api/v1/dog-pictures","timestamp":"2025-03-12T10:48:08.289Z"}
{"level":"warn","message":"Route not found: DELETE /api/v1/static/dog-sizes","timestamp":"2025-03-12T10:50:58.314Z"}
{"level":"warn","message":"Route not found: POST /api/v1/dog-pictures","timestamp":"2025-03-12T10:51:05.660Z"}
{"level":"warn","message":"Route not found: GET /api/v1/dog-pictures","timestamp":"2025-03-12T10:51:05.676Z"}
{"level":"warn","message":"Route not found: DELETE /api/v1/static/dog-sizes","timestamp":"2025-03-12T10:54:15.444Z"}
{"level":"warn","message":"Route not found: POST /api/v1/dog-pictures","timestamp":"2025-03-12T10:54:19.772Z"}
{"level":"warn","message":"Route not found: GET /api/v1/dog-pictures","timestamp":"2025-03-12T10:54:19.787Z"}
{"level":"warn","message":"Route not found: DELETE /api/v1/static/dog-sizes","timestamp":"2025-03-12T10:58:45.480Z"}
{"level":"error","message":"Validation failed: [{\"field\":\"Date\",\"message\":\"Required\"},{\"field\":\"TimeStart\",\"message\":\"Required\"},{\"field\":\"TimeEnd\",\"message\":\"Required\"},{\"field\":\"DateEnd\",\"message\":\"Required\"},{\"field\":\"ActualDuration\",\"message\":\"Required\"},{\"field\":\"AppointmentStatusId\",\"message\":\"Required\"},{\"field\":\"AppointmentTypeId\",\"message\":\"Required\"}]","method":"POST","path":"/api/v1/appointments","stack":"Error: Validation failed: [{\"field\":\"Date\",\"message\":\"Required\"},{\"field\":\"TimeStart\",\"message\":\"Required\"},{\"field\":\"TimeEnd\",\"message\":\"Required\"},{\"field\":\"DateEnd\",\"message\":\"Required\"},{\"field\":\"ActualDuration\",\"message\":\"Required\"},{\"field\":\"AppointmentStatusId\",\"message\":\"Required\"},{\"field\":\"AppointmentTypeId\",\"message\":\"Required\"}]\n    at C:\\Users\\Bradl\\Documents\\CursorProjects\\4Loki_API_V2\\src\\middleware\\validate.ts:23:14\n    at processTicksAndRejections (node:internal/process/task_queues:95:5)","statusCode":400,"timestamp":"2025-03-12T10:58:46.778Z"}
{"level":"warn","message":"Route not found: POST /api/v1/dog-pictures","timestamp":"2025-03-12T10:58:49.822Z"}
{"level":"warn","message":"Route not found: GET /api/v1/dog-pictures","timestamp":"2025-03-12T10:58:49.839Z"}
{"level":"warn","message":"Route not found: DELETE /api/v1/static/dog-sizes","timestamp":"2025-03-12T11:01:55.489Z"}
{"level":"warn","message":"Route not found: POST /api/v1/dog-pictures","timestamp":"2025-03-12T11:02:02.857Z"}
{"level":"warn","message":"Route not found: GET /api/v1/dog-pictures","timestamp":"2025-03-12T11:02:02.873Z"}
{"level":"warn","message":"Route not found: DELETE /api/v1/static/appointment-statuses","timestamp":"2025-03-12T11:03:51.613Z"}
{"level":"warn","message":"Route not found: DELETE /api/v1/static/custom-colors","timestamp":"2025-03-12T11:03:51.652Z"}
{"level":"warn","message":"Route not found: POST /api/v1/static/custom-colors","timestamp":"2025-03-12T11:03:51.688Z"}
{"level":"warn","message":"Route not found: POST /api/v1/static/appointment-statuses","timestamp":"2025-03-12T11:03:51.705Z"}
{"level":"warn","message":"Route not found: DELETE /api/v1/static/dog-sizes","timestamp":"2025-03-12T11:03:51.720Z"}
{"level":"warn","message":"Route not found: POST /api/v1/static/dog-sizes","timestamp":"2025-03-12T11:03:51.741Z"}
{"level":"warn","message":"Route not found: DELETE /api/v1/static/dog-sizes","timestamp":"2025-03-12T11:20:19.986Z"}
{"level":"warn","message":"Route not found: DELETE /api/v1/dog-breeds","timestamp":"2025-03-12T11:20:20.048Z"}
{"level":"warn","message":"Route not found: POST /api/v1/dog-breeds","timestamp":"2025-03-12T11:20:20.068Z"}
{"level":"warn","message":"Route not found: POST /api/v1/dog-breeds","timestamp":"2025-03-12T11:20:20.083Z"}
{"level":"warn","message":"Route not found: POST /api/v1/dog-breeds","timestamp":"2025-03-12T11:20:20.099Z"}
{"level":"warn","message":"Route not found: POST /api/v1/dog-breeds","timestamp":"2025-03-12T11:20:20.116Z"}
{"level":"warn","message":"Route not found: POST /api/v1/dog-breeds","timestamp":"2025-03-12T11:20:20.131Z"}
{"level":"warn","message":"Route not found: DELETE /api/v1/dog-breeds","timestamp":"2025-03-12T11:20:20.541Z"}
{"level":"error","message":"Validation failed: [{\"field\":\"Date\",\"message\":\"Invalid datetime\"},{\"field\":\"DateEnd\",\"message\":\"Invalid datetime\"}]","method":"POST","path":"/api/v1/appointments","stack":"Error: Validation failed: [{\"field\":\"Date\",\"message\":\"Invalid datetime\"},{\"field\":\"DateEnd\",\"message\":\"Invalid datetime\"}]\n    at C:\\Users\\Bradl\\Documents\\CursorProjects\\4Loki_API_V2\\src\\middleware\\validate.ts:23:14\n    at processTicksAndRejections (node:internal/process/task_queues:95:5)","statusCode":400,"timestamp":"2025-03-12T11:20:21.207Z"}
{"level":"warn","message":"Route not found: DELETE /api/v1/static/dog-sizes","timestamp":"2025-03-12T11:28:08.830Z"}
{"level":"error","message":"Validation failed: [{\"field\":\"Date\",\"message\":\"Invalid datetime\"},{\"field\":\"DateEnd\",\"message\":\"Invalid datetime\"}]","method":"POST","path":"/api/v1/appointments","stack":"Error: Validation failed: [{\"field\":\"Date\",\"message\":\"Invalid datetime\"},{\"field\":\"DateEnd\",\"message\":\"Invalid datetime\"}]\n    at C:\\Users\\Bradl\\Documents\\CursorProjects\\4Loki_API_V2\\src\\middleware\\validate.ts:23:14\n    at processTicksAndRejections (node:internal/process/task_queues:95:5)","statusCode":400,"timestamp":"2025-03-12T11:28:10.195Z"}
{"level":"error","message":"Validation failed: [{\"field\":\"DateTime\",\"message\":\"Invalid datetime\"}]","method":"POST","path":"/api/v1/dog-pictures","stack":"Error: Validation failed: [{\"field\":\"DateTime\",\"message\":\"Invalid datetime\"}]\n    at C:\\Users\\Bradl\\Documents\\CursorProjects\\4Loki_API_V2\\src\\middleware\\validate.ts:23:14\n    at processTicksAndRejections (node:internal/process/task_queues:95:5)","statusCode":400,"timestamp":"2025-03-12T11:28:13.253Z"}
{"level":"warn","message":"Route not found: DELETE /api/v1/static/dog-sizes","timestamp":"2025-03-12T11:40:20.292Z"}
{"level":"warn","message":"Route not found: DELETE /api/v1/static/dog-sizes","timestamp":"2025-03-12T11:42:02.652Z"}
{"level":"warn","message":"Route not found: DELETE /api/v1/static/dog-sizes","timestamp":"2025-03-12T11:43:33.569Z"}
{"level":"warn","message":"Route not found: DELETE /api/v1/static/dog-sizes","timestamp":"2025-03-12T11:45:32.333Z"}
{"level":"warn","message":"Route not found: DELETE /api/v1/static/dog-sizes","timestamp":"2025-03-12T11:46:25.457Z"}
